
ROM used:   2810/33788 (8%)
            2810/33788 (8%) including unused fragments

            0.6 Average locations per line
            2.8 Average locations per statement

RAM used:   545/8102 (7%) at main() level
            665/8102 (8%) worst case

Stack size: 30

Lines Stmts  %   Files
----- ----- ---  -----
    3     0   0  $linker.c
  396   157  16  PIC24_UART_INTERUPT_01.c
   88     0   0  PIC24_UART_INTERUPT_01.H
  104     0   0  CONFIG_PIC24.H
  862     0   0  C:\Program Files (x86)\PICC\devices\24FJ48GA002.H
 1351   524  52  C:\Program Files (x86)\PICC\drivers\stdlib.h
   32     0   0  C:\Program Files (x86)\PICC\drivers\stddef.h
  423     0   0  C:\Program Files (x86)\PICC\drivers\string.h
   28     0   0  C:\Program Files (x86)\PICC\drivers\ctype.h
   37     0   0  C:\Program Files (x86)\PICC\drivers\stdio.h
  326   134  13  C:\Program Files (x86)\PICC\drivers\stdlibm.h
   76    13   1  C:\Program Files (x86)\PICC\drivers\memmgmt.c
  163     0   0  C:\Program Files (x86)\PICC\drivers\stdint.h
   32     0   0  BL_support.h
   37     0   0  CDATPIC24.h
  295     0   0  EVENT_DRIVEN_CCS.H
  109     0   0  EVENT_TYPE_CCS.H
  458   177  18  EVENT_DRIVEN_CCS.c
----- -----
 4820  1005 Total

Page ROM  %  RAM   Vol Diff  Functions:
---- --- --- ---   --- ----  ----------
0     34   1    8   129  4.6  strlen
0     36   1    9   150  3.6  create_node
0     16   0    7    60  3.1  update_node
0     52   1    7   180  4.5  insert_node_after
0     46   1    7   192  3.8  remove_node
0    126   2   13   705  9.2  traverse
0    178   3   13   919 12.3  malloc
0     66   1    9   380  6.3  free
0    674  12   16  2682  8.5  main
0     32   1    3   167  1.8  HardwareInit
0     20   0    0   193  2.3  GlobalVarInit
0     44   1    0   212  4.9  DynamicMemInit
0     34   1    0    94  2.5  UARTQueueInit
0    106   2    9   614  8.1  SendTx1
0     10   0    1    31  1.7  ConvertStr2Int
0    182   3    6  1207 11.7  RDA1
0     68   1    2   204  4.5  TBE1ISR
0     62   1    9   218  3.7  QPtrXInit
0    106   2   11   395  6.1  QPtrXPut
0    106   2   13   421  6.8  QPtrXGet
0     62   1    9   218  3.7  Q8UXInit
0    108   2   12   395  6.1  Q8UXPut
0    100   2   13   398  6.3  Q8UXGet
0     16   0    5    35  2.4  Q8UXCount
0     10   0    0    21  0.9  DisableIntr
0      8   0    0    21  0.9  EnableIntr
 Inline         0             @cinit1

Program metrics:
    Functions               26
    Statements              1005
    Comments                436
    Volume (V)              17383
    Difficulty (D)          132.6
    Effort to implement (E) 2304250
    Time to implement (T)   35 hours, 34 minutes
    Est Delivered Bugs (B)  6
    Cyclomatic Complexity   49
    Maintainability (MI)    81

 Segment     Used  Free
-----------  ----  ----
00000-00BFE     0  3072  
00C00-00C02     4  0  
00C04-00DFA   504  0  
00DFC-083FA  2302  27906  



